=================================================================================================
|  16:19:19 18 Dec 2017 New session started
|  New request: App\Controllers\Robots.txtController get
|  16:19:19 18 Dec 2017 New session started
|  New request: App\Controllers\HomeController get
|  16:19:20 18 Dec 2017 Session ended, 0.7640s elapsed
=================================================================================================
|  16:19:20 18 Dec 2017 Session ended, 1.3873s elapsed
=================================================================================================
|  16:19:20 18 Dec 2017 New session started
|  New request: App\Controllers\Robots.txtController get
|  16:19:21 18 Dec 2017 Session ended, 0.0525s elapsed
=================================================================================================
|  16:19:23 18 Dec 2017 New session started
|  New request: App\Controllers\Robots.txtController get
|  16:19:23 18 Dec 2017 New session started
|  New request: App\Controllers\HomeController get
|  16:19:23 18 Dec 2017 Session ended, 0.0374s elapsed
=================================================================================================
|  16:19:23 18 Dec 2017 Session ended, 0.1967s elapsed
=================================================================================================
|  16:19:23 18 Dec 2017 New session started
|  New request: App\Controllers\Robots.txtController get
|  16:19:23 18 Dec 2017 Session ended, 0.1025s elapsed
=================================================================================================
|  16:19:25 18 Dec 2017 New session started
|  New request: App\Controllers\Robots.txtController get
|  16:19:25 18 Dec 2017 New session started
|  New request: App\Controllers\HomeController get
|  16:19:25 18 Dec 2017 Session ended, 0.0334s elapsed
=================================================================================================
|  16:19:25 18 Dec 2017 Session ended, 0.1425s elapsed
=================================================================================================
|  16:19:25 18 Dec 2017 New session started
|  New request: App\Controllers\Robots.txtController get
|  16:19:25 18 Dec 2017 Session ended, 0.0448s elapsed
=================================================================================================
|  16:19:27 18 Dec 2017 New session started
|  New request: App\Controllers\Robots.txtController get
|  16:19:27 18 Dec 2017 New session started
|  New request: App\Controllers\HomeController add
|  16:19:27 18 Dec 2017 Session ended, 0.0316s elapsed
=================================================================================================
|  16:19:27 18 Dec 2017 Session ended, 0.0662s elapsed
=================================================================================================
|  16:19:27 18 Dec 2017 New session started
|  New request: App\Controllers\Robots.txtController get
|  16:19:27 18 Dec 2017 Session ended, 0.0987s elapsed
=================================================================================================
|  16:19:42 18 Dec 2017 New session started
|  New request: App\Controllers\Robots.txtController get
|  16:19:42 18 Dec 2017 Session ended, 0.0353s elapsed
=================================================================================================
|  16:19:42 18 Dec 2017 New session started
|  New request: App\Controllers\UsersController post
|  16:19:43 18 Dec 2017 New session started
|  New request: App\Controllers\HomeController get
|  16:19:43 18 Dec 2017 Session ended, 0.2363s elapsed
=================================================================================================
|  16:19:43 18 Dec 2017 New session started
|  New request: App\Controllers\Robots.txtController get
|  16:19:44 18 Dec 2017 Session ended, 0.1529s elapsed
=================================================================================================
|  16:19:46 18 Dec 2017 Session ended, 3.4764s elapsed
=================================================================================================
|  16:19:56 18 Dec 2017 New session started
|  New request: App\Controllers\Robots.txtController get
|  16:19:56 18 Dec 2017 New session started
|  New request: App\Controllers\HomeController get
|  16:19:56 18 Dec 2017 Session ended, 0.0411s elapsed
=================================================================================================
|  16:19:56 18 Dec 2017 Session ended, 0.2301s elapsed
=================================================================================================
|  16:19:57 18 Dec 2017 New session started
|  New request: App\Controllers\Robots.txtController get
|  16:19:57 18 Dec 2017 Session ended, 0.0809s elapsed
=================================================================================================
|  16:19:58 18 Dec 2017 New session started
|  New request: App\Controllers\HomeController get
|  16:19:58 18 Dec 2017 New session started
|  New request: App\Controllers\Robots.txtController get
|  16:19:58 18 Dec 2017 Session ended, 0.0508s elapsed
=================================================================================================
|  16:19:58 18 Dec 2017 Session ended, 0.1620s elapsed
=================================================================================================
|  16:19:58 18 Dec 2017 New session started
|  New request: App\Controllers\Robots.txtController get
|  16:19:58 18 Dec 2017 Session ended, 0.0840s elapsed
=================================================================================================
|  16:19:59 18 Dec 2017 New session started
|  New request: App\Controllers\HomeController get
|  16:19:59 18 Dec 2017 New session started
|  New request: App\Controllers\Robots.txtController get
|  16:19:59 18 Dec 2017 Session ended, 0.0384s elapsed
=================================================================================================
|  16:19:59 18 Dec 2017 Session ended, 0.1587s elapsed
=================================================================================================
|  16:19:59 18 Dec 2017 New session started
|  New request: App\Controllers\Robots.txtController get
|  16:19:59 18 Dec 2017 Session ended, 0.0665s elapsed
=================================================================================================
|  19:13:12 18 Dec 2017 New session started
|  New request: App\Controllers\HomeController get
|  19:13:12 18 Dec 2017 Session ended, 0.4436s elapsed
=================================================================================================
|  19:14:55 18 Dec 2017 New session started
|  New request: App\Controllers\HomeController get
|  19:14:55 18 Dec 2017 Session ended, 0.2349s elapsed
=================================================================================================
|  19:14:57 18 Dec 2017 New session started
|  New request: App\Controllers\HomeController get
|  19:14:57 18 Dec 2017 Session ended, 0.0844s elapsed
=================================================================================================
|  19:14:58 18 Dec 2017 New session started
|  New request: App\Controllers\HomeController get
|  19:14:58 18 Dec 2017 Session ended, 0.1529s elapsed
=================================================================================================
|  19:14:59 18 Dec 2017 New session started
|  New request: App\Controllers\HomeController get
|  19:14:59 18 Dec 2017 Session ended, 0.1237s elapsed
=================================================================================================
|  19:16:03 18 Dec 2017 New session started
|  New request: App\Controllers\HomeController get
|  19:16:07 18 Dec 2017 Session ended, 4.2132s elapsed
=================================================================================================
